<?xml version="1.0" encoding="UTF-8"?>
<!-- Generated by org.testng.reporters.JUnitReportReporter -->
<testsuite skipped="0" hostname="GOD-PC-PC" name="TestNG.LearnTestNG" tests="1" failures="0" timestamp="21 Mar 2017 16:27:21 GMT" time="9.251" errors="0">
  <testcase name="method1" time="9.251" classname="TestNG.LearnTestNG"/>
</testsuite> <!-- TestNG.LearnTestNG -->
