<?xml version="1.0" encoding="UTF-8"?>
<!-- Generated by org.testng.reporters.JUnitReportReporter -->
<testsuite name="day5.Practice" tests="1" time="57.503" ignored="0" failures="0" timestamp="01 Mar 2017 16:59:55 GMT" skipped="0" hostname="GOD-PC-PC" errors="0">
  <testcase name="method1" time="57.503" classname="day5.Practice"/>
</testsuite> <!-- day5.Practice -->
