<?xml version="1.0" encoding="UTF-8"?>
<!-- Generated by org.testng.reporters.JUnitReportReporter -->
<testsuite skipped="0" hostname="GOD-PC-PC" name="TestNG.ZLearnTestNG" tests="2" failures="0" timestamp="21 Mar 2017 17:50:54 GMT" time="23.404" errors="0">
  <testcase name="method1" time="11.774" classname="TestNG.ZLearnTestNG"/>
  <testcase name="method1" time="11.630" classname="TestNG.ZLearnTestNG"/>
</testsuite> <!-- TestNG.ZLearnTestNG -->
