<?xml version="1.0" encoding="UTF-8"?>
<!-- Generated by org.testng.reporters.JUnitReportReporter -->
<testsuite name="day5.AccounDe_activate_Testcase" tests="1" time="68.683" ignored="0" failures="0" timestamp="03 Mar 2017 17:23:26 GMT" skipped="0" hostname="GOD-PC-PC" errors="0">
  <testcase name="de_activateAccount" time="68.683" classname="day5.AccounDe_activate_Testcase"/>
</testsuite> <!-- day5.AccounDe_activate_Testcase -->
