<?xml version="1.0" encoding="UTF-8"?>
<!-- Generated by org.testng.reporters.JUnitReportReporter -->
<testsuite name="day4.MergeLead" tests="1" time="43.245" ignored="0" failures="0" timestamp="03 Mar 2017 04:43:11 GMT" skipped="0" hostname="GOD-PC-PC" errors="0">
  <testcase name="ExecuteMergeLeadTestCase" time="43.245" classname="day4.MergeLead"/>
</testsuite> <!-- day4.MergeLead -->
