<?xml version="1.0" encoding="UTF-8"?>
<!-- Generated by org.testng.reporters.JUnitReportReporter -->
<testsuite hostname="GOD-PC-PC" name="day5.Account_Management_TestCases" tests="1" failures="0" timestamp="21 Feb 2017 19:15:45 GMT" time="44.339" errors="0">
  <testcase name="verify_EditAccountName" time="44.339" classname="day5.Account_Management_TestCases"/>
</testsuite> <!-- day5.Account_Management_TestCases -->
