<?xml version="1.0" encoding="UTF-8"?>
<!-- Generated by org.testng.reporters.JUnitReportReporter -->
<testsuite name="day5.Test" tests="3" time="80.037" ignored="3" failures="0" timestamp="04 Mar 2017 02:55:32 GMT" skipped="0" hostname="GOD-PC-PC" errors="0">
  <testcase name="methodD" time="26.512" classname="day5.Test"/>
  <testcase name="methodE" time="26.764" classname="day5.Test"/>
  <testcase name="methodF" time="26.761" classname="day5.Test"/>
  <testcase name="methodC" classname="day5.Test">
    <skipped/>
  </testcase> <!-- methodC -->
  <testcase name="methodB" classname="day5.Test">
    <skipped/>
  </testcase> <!-- methodB -->
  <testcase name="methodA" classname="day5.Test">
    <skipped/>
  </testcase> <!-- methodA -->
</testsuite> <!-- day5.Test -->
