<?xml version="1.0" encoding="UTF-8"?>
<!-- Generated by org.testng.reporters.JUnitReportReporter -->
<testsuite skipped="0" hostname="GOD-PC-PC" name="TestNG.checkLinks" tests="1" failures="0" timestamp="15 Apr 2017 16:27:19 GMT" time="212.328" errors="0">
  <testcase name="validateInvalidLinks" time="212.328" classname="TestNG.checkLinks"/>
</testsuite> <!-- TestNG.checkLinks -->
