<?xml version="1.0" encoding="UTF-8"?>
<!-- Generated by org.testng.reporters.JUnitReportReporter -->
<testsuite skipped="0" hostname="GOD-PC-PC" name="TestNG.LearnTestNG4" tests="1" failures="0" timestamp="15 Apr 2017 16:27:19 GMT" time="9.150" errors="0">
  <testcase name="Amethod1" time="9.150" classname="TestNG.LearnTestNG4"/>
</testsuite> <!-- TestNG.LearnTestNG4 -->
