<?xml version="1.0" encoding="UTF-8"?>
<!-- Generated by org.testng.reporters.JUnitReportReporter -->
<testsuite skipped="0" hostname="GOD-PC-PC" name="day5.Learn_Multiple_Window" tests="1" failures="0" timestamp="08 Mar 2017 16:43:31 GMT" time="47.974" errors="0">
  <testcase name="switchToMultipleWindows" time="47.974" classname="day5.Learn_Multiple_Window"/>
</testsuite> <!-- day5.Learn_Multiple_Window -->
