<?xml version="1.0" encoding="UTF-8"?>
<!-- Generated by org.testng.reporters.JUnitReportReporter -->
<testsuite name="day5.Edit_Account_TestCase" tests="2" time="86.820" ignored="0" failures="0" timestamp="03 Mar 2017 17:23:26 GMT" skipped="0" hostname="GOD-PC-PC" errors="0">
  <testcase name="verify_EditAccountName" time="43.370" classname="day5.Edit_Account_TestCase"/>
  <testcase name="verify_EditAccountName" time="43.450" classname="day5.Edit_Account_TestCase"/>
</testsuite> <!-- day5.Edit_Account_TestCase -->
