<?xml version="1.0" encoding="UTF-8"?>
<!-- Generated by org.testng.reporters.JUnitReportReporter -->
<testsuite hostname="GOD-PC-PC" name="TestNG.LearnTestNG4" tests="1" failures="0" timestamp="15 Apr 2017 18:30:40 GMT" time="12.238" errors="0">
  <testcase name="Amethod1" time="12.238" classname="TestNG.LearnTestNG4"/>
</testsuite> <!-- TestNG.LearnTestNG4 -->
