<?xml version="1.0" encoding="UTF-8"?>
<!-- Generated by org.testng.reporters.JUnitReportReporter -->
<testsuite hostname="GOD-PC-PC" name="TestNG.LearnTestNG3" tests="1" failures="0" timestamp="16 Apr 2017 03:46:29 GMT" time="8.760" errors="0">
  <testcase name="method1" time="8.760" classname="TestNG.LearnTestNG3"/>
</testsuite> <!-- TestNG.LearnTestNG3 -->
