<?xml version="1.0" encoding="UTF-8"?>
<!-- Generated by org.testng.reporters.JUnitReportReporter -->
<testsuite hostname="GOD-PC-PC" name="TestNG.checkLinks" tests="1" failures="0" timestamp="15 Apr 2017 18:30:40 GMT" time="110.353" errors="0">
  <testcase name="validateInvalidLinks" time="110.353" classname="TestNG.checkLinks"/>
</testsuite> <!-- TestNG.checkLinks -->
