<?xml version="1.0" encoding="UTF-8"?>
<!-- Generated by org.testng.reporters.JUnitReportReporter -->
<testsuite hostname="GOD-PC-PC" name="TestNG.LearnTestNG3" tests="1" failures="0" timestamp="16 Apr 2017 14:45:23 GMT" time="19.473" errors="0">
  <testcase name="method1" time="19.473" classname="TestNG.LearnTestNG3"/>
</testsuite> <!-- TestNG.LearnTestNG3 -->
