<?xml version="1.0" encoding="UTF-8"?>
<!-- Generated by org.testng.reporters.JUnitReportReporter -->
<testsuite hostname="GOD-PC-PC" name="TestNG.string" tests="1" failures="0" timestamp="15 Apr 2017 18:30:40 GMT" time="0.003" errors="0">
  <testcase name="method" time="0.003" classname="TestNG.string"/>
</testsuite> <!-- TestNG.string -->
